#
# There is insufficient memory for the Java Runtime Environment to continue.
# Native memory allocation (mmap) failed to map 268435456 bytes for G1 virtual space
# Possible reasons:
#   The system is out of physical RAM or swap space
#   The process is running with CompressedOops enabled, and the Java Heap may be blocking the growth of the native heap
# Possible solutions:
#   Reduce memory load on the system
#   Increase physical memory or swap space
#   Check if swap backing store is full
#   Decrease Java heap size (-Xmx/-Xms)
#   Decrease number of Java threads
#   Decrease Java thread stack sizes (-Xss)
#   Set larger code cache with -XX:ReservedCodeCacheSize=
#   JVM is running with Zero Based Compressed Oops mode in which the Java heap is
#     placed in the first 32GB address space. The Java Heap base address is the
#     maximum limit for the native heap growth. Please use -XX:HeapBaseMinAddress
#     to set the Java Heap base and to place the Java Heap above 32GB virtual address.
# This output file may be truncated or incomplete.
#
#  Out of Memory Error (os_windows.cpp:3528), pid=10640, tid=17504
#
# JRE version:  (20.0+36) (build )
# Java VM: OpenJDK 64-Bit Server VM (20+36-2344, mixed mode, sharing, tiered, compressed oops, compressed class ptrs, g1 gc, windows-amd64)
# No core dump will be written. Minidumps are not enabled by default on client versions of Windows
#

---------------  S U M M A R Y ------------

Command Line: -ea -Didea.test.cyclic.buffer.size=1048576 -javaagent:C:\Users\Peter\AppData\Local\JetBrains\Toolbox\apps\IDEA-U\ch-0\231.9225.16\lib\idea_rt.jar=58232:C:\Users\Peter\AppData\Local\JetBrains\Toolbox\apps\IDEA-U\ch-0\231.9225.16\bin -Dfile.encoding=UTF-8 -Dsun.stdout.encoding=UTF-8 -Dsun.stderr.encoding=UTF-8 com.intellij.rt.junit.JUnitStarter -ideVersion5 -junit5 org.example.MultidementionalDP.TriangleTest

Host: AMD Ryzen 5 3600 6-Core Processor              , 12 cores, 15G,  Windows 10 , 64 bit Build 19041 (10.0.19041.3636)
Time: Tue Feb 13 10:01:27 2024  Windows 10 , 64 bit Build 19041 (10.0.19041.3636) elapsed time: 0.012953 seconds (0d 0h 0m 0s)

---------------  T H R E A D  ---------------

Current thread (0x00000196768870e0):  JavaThread "Unknown thread" [_thread_in_vm, id=17504, stack(0x0000001047600000,0x0000001047700000)]

Stack: [0x0000001047600000,0x0000001047700000]
Native frames: (J=compiled Java code, j=interpreted, Vv=VM code, C=native code)
V  [jvm.dll+0x6bb95a]
V  [jvm.dll+0x8483aa]
V  [jvm.dll+0x849fa5]
V  [jvm.dll+0x84a6a3]
V  [jvm.dll+0x280b0f]
V  [jvm.dll+0x6b86e9]
V  [jvm.dll+0x6ad2da]
V  [jvm.dll+0x35adf5]
V  [jvm.dll+0x363016]
V  [jvm.dll+0x3b3b3e]
V  [jvm.dll+0x3b3dc5]
V  [jvm.dll+0x32b50a]
V  [jvm.dll+0x32c32b]
V  [jvm.dll+0x81106f]
V  [jvm.dll+0x3c0d91]
V  [jvm.dll+0x7fcd93]
V  [jvm.dll+0x44c76f]
V  [jvm.dll+0x44e0e1]
C  [jli.dll+0x5287]
C  [ucrtbase.dll+0x21bb2]
C  [KERNEL32.DLL+0x17344]
C  [ntdll.dll+0x526b1]


---------------  P R O C E S S  ---------------

Threads class SMR info:
_java_thread_list=0x00007ffed191a098, length=0, elements={
}

Java Threads: ( => current thread )

Other Threads:
  0x00000196768f7170 WorkerThread "GC Thread#0" [stack: 0x0000001047700000,0x0000001047800000] [id=10648]
  0x0000019676908160 ConcurrentGCThread "G1 Main Marker" [stack: 0x0000001047800000,0x0000001047900000] [id=10244]
  0x0000019676908b90 WorkerThread "G1 Conc#0" [stack: 0x0000001047900000,0x0000001047a00000] [id=20956]

[error occurred during error reporting (printing all threads), id 0xc0000005, EXCEPTION_ACCESS_VIOLATION (0xc0000005) at pc=0x00007ffed10feb47]
VM state: not at safepoint (not fully initialized)

VM Mutex/Monitor currently owned by a thread:  ([mutex/lock_event])
[0x0000019676881aa0] Heap_lock - owner thread: 0x00000196768870e0

Heap address: 0x0000000700c00000, size: 4084 MB, Compressed Oops mode: Zero based, Oop shift amount: 3

CDS archive(s) mapped at: [0x0000000000000000-0x0000000000000000-0x0000000000000000), size 0, SharedBaseAddress: 0x0000000800000000, ArchiveRelocationMode: 0.
Narrow klass base: 0x0000000000000000, Narrow klass shift: 0, Narrow klass range: 0x0

GC Precious Log:
 CardTable entry size: 512
 Card Set container configuration: InlinePtr #cards 4 size 8 Array Of Cards #cards 16 size 48 Howl #buckets 8 coarsen threshold 3686 Howl Bitmap #cards 512 size 80 coarsen threshold 460 Card regions per heap region 1 cards per card region 4096

Heap:
 garbage-first heap   total 0K, used 0K [0x0000000700c00000, 0x0000000800000000)
  region size 2048K, 0 young (0K), 0 survivors (0K)

[error occurred during error reporting (printing heap information), id 0xc0000005, EXCEPTION_ACCESS_VIOLATION (0xc0000005) at pc=0x00007ffed14d3c59]
GC Heap History (0 events):
No events

Dll operation events (1 events):
Event: 0.008 Loaded shared library C:\Users\Peter\.jdks\openjdk-20\bin\java.dll

Deoptimization events (0 events):
No events

Classes loaded (0 events):
No events

Classes unloaded (0 events):
No events

Classes redefined (0 events):
No events

Internal exceptions (0 events):
No events

VM Operations (0 events):
No events

Events (0 events):
No events


Dynamic libraries:
0x00007ff7f1910000 - 0x00007ff7f191e000 	C:\Users\Peter\.jdks\openjdk-20\bin\java.exe
0x00007fff3f890000 - 0x00007fff3fa88000 	C:\Windows\SYSTEM32\ntdll.dll
0x00007fff3f600000 - 0x00007fff3f6bd000 	C:\Windows\System32\KERNEL32.DLL
0x00007fff3cff0000 - 0x00007fff3d2e6000 	C:\Windows\System32\KERNELBASE.dll
0x00007fff3d610000 - 0x00007fff3d710000 	C:\Windows\System32\ucrtbase.dll
0x00007fff268d0000 - 0x00007fff268e7000 	C:\Users\Peter\.jdks\openjdk-20\bin\jli.dll
0x00007fff20ed0000 - 0x00007fff20eeb000 	C:\Users\Peter\.jdks\openjdk-20\bin\VCRUNTIME140.dll
0x00007fff3e680000 - 0x00007fff3e81e000 	C:\Windows\System32\USER32.dll
0x00007fff2b9f0000 - 0x00007fff2bc8a000 	C:\Windows\WinSxS\amd64_microsoft.windows.common-controls_6595b64144ccf1df_6.0.19041.3636_none_60b6a03d71f818d5\COMCTL32.dll
0x00007fff3d880000 - 0x00007fff3d8a2000 	C:\Windows\System32\win32u.dll
0x00007fff3e5e0000 - 0x00007fff3e67e000 	C:\Windows\System32\msvcrt.dll
0x00007fff3e840000 - 0x00007fff3e86c000 	C:\Windows\System32\GDI32.dll
0x00007fff3d760000 - 0x00007fff3d87a000 	C:\Windows\System32\gdi32full.dll
0x00007fff3d570000 - 0x00007fff3d60d000 	C:\Windows\System32\msvcp_win.dll
0x00007fff3e130000 - 0x00007fff3e160000 	C:\Windows\System32\IMM32.DLL
0x00007fff2fb60000 - 0x00007fff2fb6c000 	C:\Users\Peter\.jdks\openjdk-20\bin\vcruntime140_1.dll
0x00007fff146e0000 - 0x00007fff1476e000 	C:\Users\Peter\.jdks\openjdk-20\bin\msvcp140.dll
0x00007ffed0dc0000 - 0x00007ffed1a57000 	C:\Users\Peter\.jdks\openjdk-20\bin\server\jvm.dll
0x00007fff3e160000 - 0x00007fff3e213000 	C:\Windows\System32\ADVAPI32.dll
0x00007fff3f2c0000 - 0x00007fff3f35f000 	C:\Windows\System32\sechost.dll
0x00007fff3f0f0000 - 0x00007fff3f216000 	C:\Windows\System32\RPCRT4.dll
0x00007fff3d8b0000 - 0x00007fff3d8d7000 	C:\Windows\System32\bcrypt.dll
0x00007fff28c70000 - 0x00007fff28c79000 	C:\Windows\SYSTEM32\WSOCK32.dll
0x00007fff33640000 - 0x00007fff33667000 	C:\Windows\SYSTEM32\WINMM.dll
0x00007fff3ad80000 - 0x00007fff3ad8a000 	C:\Windows\SYSTEM32\VERSION.dll
0x00007fff3f220000 - 0x00007fff3f28b000 	C:\Windows\System32\WS2_32.dll
0x00007fff3b780000 - 0x00007fff3b792000 	C:\Windows\SYSTEM32\kernel.appcore.dll
0x00007fff2f950000 - 0x00007fff2f95a000 	C:\Users\Peter\.jdks\openjdk-20\bin\jimage.dll
0x00007fff35950000 - 0x00007fff35b34000 	C:\Windows\SYSTEM32\DBGHELP.DLL
0x00007fff357b0000 - 0x00007fff357e4000 	C:\Windows\SYSTEM32\dbgcore.DLL
0x00007fff3cf60000 - 0x00007fff3cfe2000 	C:\Windows\System32\bcryptPrimitives.dll
0x00007fff36c40000 - 0x00007fff36c4e000 	C:\Users\Peter\.jdks\openjdk-20\bin\instrument.dll
0x00007fff1a5a0000 - 0x00007fff1a5c6000 	C:\Users\Peter\.jdks\openjdk-20\bin\java.dll

dbghelp: loaded successfully - version: 4.0.5 - missing functions: none
symbol engine: initialized successfully - sym options: 0x614 - pdb path: .;C:\Users\Peter\.jdks\openjdk-20\bin;C:\Windows\SYSTEM32;C:\Windows\WinSxS\amd64_microsoft.windows.common-controls_6595b64144ccf1df_6.0.19041.3636_none_60b6a03d71f818d5;C:\Users\Peter\.jdks\openjdk-20\bin\server

VM Arguments:
jvm_args: -ea -Didea.test.cyclic.buffer.size=1048576 -javaagent:C:\Users\Peter\AppData\Local\JetBrains\Toolbox\apps\IDEA-U\ch-0\231.9225.16\lib\idea_rt.jar=58232:C:\Users\Peter\AppData\Local\JetBrains\Toolbox\apps\IDEA-U\ch-0\231.9225.16\bin -Dfile.encoding=UTF-8 -Dsun.stdout.encoding=UTF-8 -Dsun.stderr.encoding=UTF-8 
java_command: com.intellij.rt.junit.JUnitStarter -ideVersion5 -junit5 org.example.MultidementionalDP.TriangleTest
java_class_path (initial): C:\Users\Peter\.m2\repository\org\junit\platform\junit-platform-launcher\1.10.0\junit-platform-launcher-1.10.0.jar;C:\Users\Peter\.m2\repository\org\junit\platform\junit-platform-engine\1.10.0\junit-platform-engine-1.10.0.jar;C:\Users\Peter\.m2\repository\org\junit\jupiter\junit-jupiter-engine\5.10.0\junit-jupiter-engine-5.10.0.jar;C:\Users\Peter\.m2\repository\org\junit\vintage\junit-vintage-engine\5.10.0\junit-vintage-engine-5.10.0.jar;C:\Users\Peter\AppData\Local\JetBrains\Toolbox\apps\IDEA-U\ch-0\231.9225.16\lib\idea_rt.jar;C:\Users\Peter\AppData\Local\JetBrains\Toolbox\apps\IDEA-U\ch-0\231.9225.16\plugins\junit\lib\junit5-rt.jar;C:\Users\Peter\AppData\Local\JetBrains\Toolbox\apps\IDEA-U\ch-0\231.9225.16\plugins\junit\lib\junit-rt.jar;C:\Users\Peter\Desktop\leetcode_practice\target\test-classes;C:\Users\Peter\Desktop\leetcode_practice\target\classes;C:\Users\Peter\.m2\repository\org\junit\jupiter\junit-jupiter-api\5.10.0\junit-jupiter-api-5.10.0.jar;C:\Users\Peter\.m2\repository\org\opentest4j\opentest4j\1.3.0\opentest4j-1.3.0.jar;C:\Users\Peter\.m2\repository\org\junit\platform\junit-platform-commons\1.10.0\junit-platform-commons-1.10.0.jar;C:\Users\Peter\.m2\repository\org\apiguardian\apiguardian-api\1.1.2\apiguardian-api-1.1.2.jar;C:\Users\Peter\.m2\repository\junit\junit\4.13.2\junit-4.13.2.jar;C:\Users\Peter\.m2\repository\org\hamcrest\hamcrest-core\1.3\hamcrest-core-1.3.jar;C:\Users\Peter\.m2\repository\org\testng\testng\7.9.0\testng-7.9.0.jar;C:\Users\Peter\.m2\repository\org\slf4j\slf4j-api\1.7.36\slf4j-api-1.7.36.jar;C:\Users\Peter\.m2\repository\com\beust\jcommander\1.82\jcommander-1.82.jar;C:\Users\Peter\.m2\repository\org\webjars\jquery\3.7.1\jquery-3.7.1.jar
Launcher Type: SUN_STANDARD

[Global flags]
     intx CICompilerCount                          = 4                                         {product} {ergonomic}
     uint ConcGCThreads                            = 3                                         {product} {ergonomic}
     uint G1ConcRefinementThreads                  = 10                                        {product} {ergonomic}
   size_t G1HeapRegionSize                         = 2097152                                   {product} {ergonomic}
    uintx GCDrainStackTargetSize                   = 64                                        {product} {ergonomic}
   size_t InitialHeapSize                          = 268435456                                 {product} {ergonomic}
   size_t MarkStackSize                            = 4194304                                   {product} {ergonomic}
   size_t MaxHeapSize                              = 4282384384                                {product} {ergonomic}
   size_t MinHeapDeltaBytes                        = 2097152                                   {product} {ergonomic}
   size_t MinHeapSize                              = 8388608                                   {product} {ergonomic}
    uintx NonNMethodCodeHeapSize                   = 5839372                                {pd product} {ergonomic}
    uintx NonProfiledCodeHeapSize                  = 122909434                              {pd product} {ergonomic}
    uintx ProfiledCodeHeapSize                     = 122909434                              {pd product} {ergonomic}
    uintx ReservedCodeCacheSize                    = 251658240                              {pd product} {ergonomic}
     bool SegmentedCodeCache                       = true                                      {product} {ergonomic}
   size_t SoftMaxHeapSize                          = 4282384384                             {manageable} {ergonomic}
     bool UseCompressedClassPointers               = true                           {product lp64_product} {ergonomic}
     bool UseCompressedOops                        = true                           {product lp64_product} {ergonomic}
     bool UseG1GC                                  = true                                      {product} {ergonomic}
     bool UseLargePagesIndividualAllocation        = false                                  {pd product} {ergonomic}

Logging:
Log output configuration:
 #0: stdout all=warning uptime,level,tags foldmultilines=false
 #1: stderr all=off uptime,level,tags foldmultilines=false

Environment Variables:
PATH=C:\Program Files (x86)\Common Files\Oracle\Java\javapath;C:\Python310\Scripts\;C:\Python310\;C:\Windows\system32;C:\Windows;C:\Windows\System32\Wbem;C:\Windows\System32\WindowsPowerShell\v1.0\;C:\Windows\System32\OpenSSH\;C:\Program Files (x86)\NVIDIA Corporation\PhysX\Common;C:\Program Files\dotnet\;C:\Program Files (x86)\dotnet\;C:\ProgramData\chocolatey\bin;C:\Program Files\nodejs\;C:\Program Files\Git\cmd;C:\Program Files\NVIDIA Corporation\NVIDIA NvDLISR;C:\Users\Peter\AppData\Local\Microsoft\WindowsApps;C:\Users\Peter\AppData\Local\Programs\Microsoft VS Code\bin;C:\Users\Peter\AppData\Roaming\npm;C:\Users\Peter\AppData\Local\JetBrains\Toolbox\scripts;C:\Users\Peter\AppData\Local\GitHubDesktop\bin
USERNAME=Peter
OS=Windows_NT
PROCESSOR_IDENTIFIER=AMD64 Family 23 Model 113 Stepping 0, AuthenticAMD
TMP=C:\Users\Peter\AppData\Local\Temp
TEMP=C:\Users\Peter\AppData\Local\Temp




---------------  S Y S T E M  ---------------

OS:
 Windows 10 , 64 bit Build 19041 (10.0.19041.3636)
OS uptime: 24 days 22:38 hours
Hyper-V role detected

CPU: total 12 (initial active 12) (12 cores per cpu, 2 threads per core) family 23 model 113 stepping 0 microcode 0x0, cx8, cmov, fxsr, ht, mmx, 3dnowpref, sse, sse2, sse3, ssse3, sse4a, sse4.1, sse4.2, popcnt, lzcnt, tsc, tscinvbit, avx, avx2, aes, clmul, bmi1, bmi2, adx, sha, fma, vzeroupper, clflush, clflushopt, hv, rdtscp, rdpid, f16c

Memory: 4k page, system-wide physical 16332M (5879M free)
TotalPageFile size 32332M (AvailPageFile size 66M)
current process WorkingSet (physical memory assigned to process): 10M, peak: 10M
current process commit charge ("private bytes"): 64M, peak: 320M

vm_info: OpenJDK 64-Bit Server VM (20+36-2344) for windows-amd64 JRE (20+36-2344), built on 2023-02-10T19:30:15Z by "mach5one" with MS VC++ 17.1 (VS2022)

END.
